c:\repos\pd\discordbuddyredux\winmmshim\vc143.pdb
c:\repos\pd\discordbuddyredux\winmmshim\winmm.obj
c:\repos\pd\discordbuddyredux\winmmshim\global.obj
c:\repos\pd\discordbuddyredux\winmmshim\stubs.obj
c:\games\mario multiverse\winmm.dll
c:\repos\pd\discordbuddyredux\winmmshim\winmm.ipdb
c:\repos\pd\discordbuddyredux\winmmshim\winmm.iobj
c:\games\mario multiverse\winmm.pdb
c:\repos\pd\discordbuddyredux\bin\winmm.dll
c:\repos\pd\discordbuddyredux\bin\winmm.pdb
c:\games\mario multiverse\winmm.dll.lib
c:\games\mario multiverse\winmm.dll.exp
c:\games\mario multiverse\winmm.lib
c:\games\mario multiverse\winmm.exp
c:\repos\pd\discordbuddyredux\bin\winmm.lib
c:\repos\pd\discordbuddyredux\bin\winmm.exp
c:\users\batte\documents\github\discordbuddyredux\winmmshim\winmmshim.tlog\cl.command.1.tlog
c:\users\batte\documents\github\discordbuddyredux\winmmshim\winmmshim.tlog\cl.read.1.tlog
c:\users\batte\documents\github\discordbuddyredux\winmmshim\winmmshim.tlog\cl.write.1.tlog
c:\users\batte\documents\github\discordbuddyredux\winmmshim\winmmshim.tlog\link.command.1.tlog
c:\users\batte\documents\github\discordbuddyredux\winmmshim\winmmshim.tlog\link.read.1.tlog
c:\users\batte\documents\github\discordbuddyredux\winmmshim\winmmshim.tlog\link.write.1.tlog
c:\users\batte\documents\github\discordbuddyredux\winmmshim\winmmshim.tlog\winmmshim.write.1u.tlog
c:\users\batte\documents\github\discordbuddyredux\bin\winmm.dll
