c:\repos\discordbuddygold\discordbuddy\vc143.pdb
c:\repos\discordbuddygold\discordbuddy\discordhandler.obj
c:\repos\discordbuddygold\discordbuddy\discordrest.obj
c:\repos\discordbuddygold\discordbuddy\discordgateway.obj
c:\repos\discordbuddygold\discordbuddy\discordbudy.obj
c:\repos\discordbuddygold\discordbuddy\wsclientlib.obj
c:\repos\discordbuddygold\discordbuddy\cjson.obj
c:\repos\discordbuddygold\discordbuddy\dbutil.obj
c:\repos\discordbuddygold\bin\discordbuddy.lib
c:\repos\discordbuddygold\bin\discordbuddy.exp
c:\repos\discordbuddygold\bin\discordbuddy.dll
c:\repos\discordbuddygold\discordbuddy\discordbuddy.ipdb
c:\repos\discordbuddygold\discordbuddy\discordbuddy.iobj
c:\repos\discordbuddygold\bin\discordbuddy.pdb
c:\repos\discordbuddygold\discordbuddy\discordbuddy.tlog\cl.command.1.tlog
c:\repos\discordbuddygold\discordbuddy\discordbuddy.tlog\cl.read.1.tlog
c:\repos\discordbuddygold\discordbuddy\discordbuddy.tlog\cl.write.1.tlog
c:\repos\discordbuddygold\discordbuddy\discordbuddy.tlog\discordbuddy.write.1u.tlog
c:\repos\discordbuddygold\discordbuddy\discordbuddy.tlog\link.command.1.tlog
c:\repos\discordbuddygold\discordbuddy\discordbuddy.tlog\link.read.1.tlog
c:\repos\discordbuddygold\discordbuddy\discordbuddy.tlog\link.write.1.tlog
