c:\repos\discordbuddygold\shim_ktmw32\vc143.pdb
c:\repos\discordbuddygold\shim_ktmw32\ktmw32.obj
c:\repos\discordbuddygold\shim_ktmw32\stubcaller.obj
c:\repos\discordbuddygold\shim_ktmw32\global.obj
c:\repos\discordbuddygold\shim_ktmw32\dbutil.obj
c:\repos\discordbuddygold\bin\shims\ktmw32.dll
c:\repos\discordbuddygold\shim_ktmw32\ktmw32.iobj
c:\repos\discordbuddygold\bin\shims\ktmw32.pdb
c:\repos\discordbuddygold\shim_ktmw32\ktmw32.ipdb
c:\repos\discordbuddygold\bin\shims\ktmw32.dll.lib
c:\repos\discordbuddygold\bin\shims\ktmw32.dll.exp
c:\repos\discordbuddygold\bin\shims\ktmw32.lib
c:\repos\discordbuddygold\bin\shims\ktmw32.exp
c:\repos\discordbuddygold\shim_ktmw32\shim_ktmw32.tlog\cl.command.1.tlog
c:\repos\discordbuddygold\shim_ktmw32\shim_ktmw32.tlog\cl.read.1.tlog
c:\repos\discordbuddygold\shim_ktmw32\shim_ktmw32.tlog\cl.write.1.tlog
c:\repos\discordbuddygold\shim_ktmw32\shim_ktmw32.tlog\link.command.1.tlog
c:\repos\discordbuddygold\shim_ktmw32\shim_ktmw32.tlog\link.read.1.tlog
c:\repos\discordbuddygold\shim_ktmw32\shim_ktmw32.tlog\link.write.1.tlog
c:\repos\discordbuddygold\shim_ktmw32\shim_ktmw32.tlog\shim_ktmw32.write.1u.tlog
